<?xml version="1.0" encoding="UTF-8"?>
<!-- Generated by org.testng.reporters.JUnitXMLReporter -->
<testsuite ignored="0" hostname="TWXJ61Q6HR" failures="0" tests="10" name="SimpleRegression" time="3.596" errors="0" timestamp="2025-05-15T20:06:12 WIB">
  <testcase classname="testng.SimpleTest" name="testMethod" time="1.008"/>
  <testcase classname="testng.SimpleTest" name="testMethod2" time="2.007"/>
  <testcase classname="testng.SimpleTest" name="testMethod3" time="0.505"/>
  <testcase classname="testng.AssertTest" name="testMethod" time="0.003"/>
  <testcase classname="testng.DataProviderTest" name="testMethod" time="0.005"/>
  <testcase classname="testng.DataProviderTest" name="testMethod" time="0.002"/>
  <testcase classname="testng.DataProviderTest" name="testMethod" time="0.001"/>
  <testcase classname="testng.RetryTest" name="flackyTest" time="0.01">
    <skipped/>
  </testcase> <!-- flackyTest -->
  <testcase classname="testng.RetryTest" name="flackyTest" time="0.001">
    <skipped/>
  </testcase> <!-- flackyTest -->
  <testcase classname="testng.RetryTest" name="flackyTest" time="0.001"/>
</testsuite> <!-- SimpleRegression -->
