<?xml version="1.0" encoding="UTF-8"?>
<!-- Generated by org.testng.reporters.JUnitXMLReporter -->
<testsuite ignored="0" hostname="TWXJ61Q6HR" failures="0" tests="4" name="RestAssuredRegression" time="0.679" errors="0" timestamp="2025-05-15T21:19:54 WIB">
  <testcase classname="restassured.NewEmployeeTest" name="addEmployeeTest" time="0.257"/>
  <testcase classname="restassured.EmployeeTest" name="getCurrentEmployeeTest" time="0.264"/>
  <testcase classname="restassured.NewEmployeeTest" name="loginEmployeeTest" time="0.208"/>
  <testcase classname="restassured.NewEmployeeTest" name="deleteEmployeeTest" time="0.199"/>
</testsuite> <!-- RestAssuredRegression -->
