<?xml version="1.0" encoding="UTF-8"?>
<testng-results ignored="0" total="4" passed="4" failed="0" skipped="0">
  <reporter-output>
  </reporter-output>
  <suite started-at="2025-05-15T21:19:54 WIB" name="RestAssuredSuite" finished-at="2025-05-15T21:19:54 WIB" duration-ms="679">
    <groups>
    </groups>
    <test started-at="2025-05-15T21:19:54 WIB" name="RestAssuredRegression" finished-at="2025-05-15T21:19:54 WIB" duration-ms="679">
      <class name="restassured.EmployeeTest">
        <test-method is-config="true" signature="login()[pri:0, instance:restassured.EmployeeTest@1cd43562]" started-at="2025-05-15T21:19:53 WIB" name="login" finished-at="2025-05-15T21:19:54 WIB" duration-ms="1066" status="PASS">
          <reporter-output>
          </reporter-output>
        </test-method> <!-- login -->
        <test-method signature="getCurrentEmployeeTest()[pri:0, instance:restassured.EmployeeTest@1cd43562]" started-at="2025-05-15T21:19:54 WIB" name="getCurrentEmployeeTest" finished-at="2025-05-15T21:19:54 WIB" duration-ms="264" status="PASS">
          <reporter-output>
          </reporter-output>
        </test-method> <!-- getCurrentEmployeeTest -->
      </class> <!-- restassured.EmployeeTest -->
      <class name="restassured.NewEmployeeTest">
        <test-method signature="addEmployeeTest()[pri:0, instance:restassured.NewEmployeeTest@2dbc408c]" started-at="2025-05-15T21:19:54 WIB" name="addEmployeeTest" finished-at="2025-05-15T21:19:54 WIB" duration-ms="257" status="PASS">
          <reporter-output>
          </reporter-output>
        </test-method> <!-- addEmployeeTest -->
        <test-method signature="loginEmployeeTest()[pri:0, instance:restassured.NewEmployeeTest@2dbc408c]" started-at="2025-05-15T21:19:54 WIB" name="loginEmployeeTest" finished-at="2025-05-15T21:19:54 WIB" depends-on-methods="restassured.NewEmployeeTest.addEmployeeTest" duration-ms="208" status="PASS">
          <reporter-output>
          </reporter-output>
        </test-method> <!-- loginEmployeeTest -->
        <test-method signature="deleteEmployeeTest()[pri:0, instance:restassured.NewEmployeeTest@2dbc408c]" started-at="2025-05-15T21:19:54 WIB" name="deleteEmployeeTest" finished-at="2025-05-15T21:19:54 WIB" depends-on-methods="restassured.NewEmployeeTest.loginEmployeeTest" duration-ms="199" status="PASS">
          <reporter-output>
          </reporter-output>
        </test-method> <!-- deleteEmployeeTest -->
      </class> <!-- restassured.NewEmployeeTest -->
    </test> <!-- RestAssuredRegression -->
  </suite> <!-- RestAssuredSuite -->
</testng-results>
