<?xml version="1.0" encoding="UTF-8"?>
<testsuite xmlns:xsi="http://www.w3.org/2001/XMLSchema-instance" xsi:noNamespaceSchemaLocation="https://maven.apache.org/surefire/maven-surefire-plugin/xsd/surefire-test-report.xsd" version="3.0.2" name="TestSuite" time="1.949" tests="4" errors="0" skipped="0" failures="0">
  <properties>
[...]
</properties>
  <testcase name="addEmployeeTest" classname="restassured.NewEmployeeTest" time="0.257">
    <system-out><![CDATA[Request method:	POST
Request URI:	https://whitesmokehouse.com/webhook/employee/login
Proxy:			<none>
Request params:	<none>
Query params:	<none>
Form params:	<none>
Path params:	<none>
Headers:		Accept=*/*
				Content-Type=application/json
Cookies:		<none>
Multiparts:		<none>
Body:
{
    "email": "test2@test.com",
    "password": "test"
}
eyJhbGciOiJIUzI1NiIsInR5cCI6IkpXVCJ9.eyJpZCI6IjgiLCJpYXQiOjE3NDczMTg3OTN9.w15pLNRsfa99Lf0Bwp5YQofANkUgaeIbBldbOlBMcww
addEmployeeTest starting....
Request method:	POST
Request URI:	https://whitesmokehouse.com/webhook/employee/add
Proxy:			<none>
Request params:	<none>
Query params:	<none>
Form params:	<none>
Path params:	<none>
Headers:		Accept=*/*
				Content-Type=application/json
Cookies:		<none>
Multiparts:		<none>
Body:
{
    "email": "test10@test.com",
    "password": "test4",
    "full_name": "test name",
    "department": "IT",
    "title": "QA"
}
Request method:	GET
Request URI:	https://whitesmokehouse.com/webhook/employee/get
Proxy:			<none>
Request params:	<none>
Query params:	<none>
Form params:	<none>
Path params:	<none>
Headers:		Authorization=Bearer eyJhbGciOiJIUzI1NiIsInR5cCI6IkpXVCJ9.eyJpZCI6IjgiLCJpYXQiOjE3NDczMTg3OTN9.w15pLNRsfa99Lf0Bwp5YQofANkUgaeIbBldbOlBMcww
				Accept=*/*
Cookies:		<none>
Multiparts:		<none>
Body:			<none>
[
    {
        "id": 30,
        "email": "test10@test.com",
        "password_hash": "86985e105f79b95d6bc918fb45ec7727",
        "full_name": "test name",
        "department": "IT",
        "title": "QA",
        "create_at": "2025-05-15T14:19:54.454Z",
        "update_at": "2025-05-15T14:19:54.454Z"
    }
]
[
    {
        "id": 30,
        "email": "test10@test.com",
        "password_hash": "86985e105f79b95d6bc918fb45ec7727",
        "full_name": "test name",
        "department": "IT",
        "title": "QA",
        "create_at": "2025-05-15T14:19:54.454Z",
        "update_at": "2025-05-15T14:19:54.454Z"
    }
]
]]></system-out>
    <system-err><![CDATA[SLF4J(W): No SLF4J providers were found.
SLF4J(W): Defaulting to no-operation (NOP) logger implementation
SLF4J(W): See https://www.slf4j.org/codes.html#noProviders for further details.
]]></system-err>
  </testcase>
  <testcase name="loginEmployeeTest" classname="restassured.NewEmployeeTest" time="0.208">
    <system-out><![CDATA[eyJhbGciOiJIUzI1NiIsInR5cCI6IkpXVCJ9.eyJpZCI6IjMwIiwiaWF0IjoxNzQ3MzE4Nzk0fQ.66XXbRaf6f7A90afT40YNs6RQEfHvgG3GiiU62Yqg9M
]]></system-out>
  </testcase>
  <testcase name="deleteEmployeeTest" classname="restassured.NewEmployeeTest" time="0.199">
    <system-out><![CDATA[deleteEmployeeTest starting....
Request method:	DELETE
Request URI:	https://whitesmokehouse.com/webhook/employee/delete
Proxy:			<none>
Request params:	<none>
Query params:	<none>
Form params:	<none>
Path params:	<none>
Headers:		Authorization=Bearer eyJhbGciOiJIUzI1NiIsInR5cCI6IkpXVCJ9.eyJpZCI6IjMwIiwiaWF0IjoxNzQ3MzE4Nzk0fQ.66XXbRaf6f7A90afT40YNs6RQEfHvgG3GiiU62Yqg9M
				Accept=*/*
Cookies:		<none>
Multiparts:		<none>
Body:			<none>
]]></system-out>
  </testcase>
  <testcase name="getCurrentEmployeeTest" classname="restassured.EmployeeTest" time="0.005">
    <system-out><![CDATA[loginEmployeeTest starting....
Request method:	POST
Request URI:	https://whitesmokehouse.com/webhook/employee/login
Proxy:			<none>
Request params:	<none>
Query params:	<none>
Form params:	<none>
Path params:	<none>
Headers:		Accept=*/*
				Content-Type=application/json
Cookies:		<none>
Multiparts:		<none>
Body:
{
    "email": "test10@test.com",
    "password": "test4"
}
]]></system-out>
  </testcase>
</testsuite>