<?xml version="1.0" encoding="UTF-8"?>
<!-- Generated by org.testng.reporters.JUnitXMLReporter -->
<testsuite ignored="0" hostname="TWXJ61Q6HR" failures="0" tests="10" name="ParallelRegression" time="3.544" errors="0" timestamp="2025-05-15T20:04:30 WIB">
  <testcase classname="testng.AssertTest" name="testMethod" time="0.003"/>
  <testcase classname="testng.DataProviderTest" name="testMethod" time="0.002"/>
  <testcase classname="testng.RetryTest" name="flackyTest" time="0.004">
    <skipped/>
  </testcase> <!-- flackyTest -->
  <testcase classname="testng.DataProviderTest" name="testMethod" time="0.008"/>
  <testcase classname="testng.DataProviderTest" name="testMethod" time="0.001"/>
  <testcase classname="testng.RetryTest" name="flackyTest" time="0.001">
    <skipped/>
  </testcase> <!-- flackyTest -->
  <testcase classname="testng.RetryTest" name="flackyTest" time="0.001"/>
  <testcase classname="testng.SimpleTest" name="testMethod" time="1.006"/>
  <testcase classname="testng.SimpleTest" name="testMethod2" time="2.005"/>
  <testcase classname="testng.SimpleTest" name="testMethod3" time="0.506"/>
</testsuite> <!-- ParallelRegression -->
